20221005	20:43:20	c969951c-5988-445b-925a-29619f145780	GET	/	undefined
20221005	20:43:20	3eaf4aac-837d-4858-b4cb-fe27b5dbb40d	GET	/css/style.css	undefined
20221005	20:43:27	700f7f85-0af6-42f7-a585-2268e659137e	GET	/favicon.ico	undefined
20221005	21:03:13	27938136-3858-4fad-ad0c-7a4ff4e6865b	GET	/	undefined
20221005	21:03:13	c9a8b200-6a53-417c-9b9f-4f0764915a85	GET	/css/style.css	undefined
20221005	21:03:53	af28fcd6-bd68-4f53-8970-dcd749683194	OPTIONS	/	https://www.google.com
20221005	21:03:53	c19d30e8-dcc0-41c2-973e-e53212098799	GET	/	https://www.google.com
20221005	21:04:23	a112a7f9-6fec-4c0d-ae4e-0e61942b95a8	OPTIONS	/	https://www.google.com
20221005	21:04:23	7a211156-65a1-4c79-973e-df9c5da907e7	GET	/	https://www.google.com
20221005	21:05:44	5d2dcff3-3d7e-4a3c-8272-2a2fc69b87c9	GET	/	undefined
20221005	21:05:44	2abc28b9-d91f-46de-ac3b-06af62cf4cf3	GET	/css/style.css	undefined
20221005	22:52:38	7deeee9a-d9c9-4fcf-98c9-477e6e14b486	GET	/users	undefined
20221005	22:55:43	5c646077-5176-4cc8-9a07-0db753cef2fa	POST	/users	undefined
20221005	22:58:27	d892af20-777b-40f8-aa17-f27eda7a0d61	GET	/users	undefined
20221005	23:00:29	11de3f37-45af-4dac-a19c-07852fc70a1d	POST	/users	undefined
20221005	23:03:24	1750f995-0315-494a-a95a-cb67dcd2fafb	GET	/users	undefined
20221005	23:03:55	567ae52b-534e-4fa1-ba81-4f8628818058	PATCH	/users	undefined
20221005	23:04:02	dc7941d3-3a1f-448a-ac06-4805178711f3	PATCH	/users	undefined
20221005	23:05:25	d2c004e2-203f-4505-9047-fab0eb252cfd	PATCH	/users	undefined
20221005	23:06:22	b41680e6-0972-447f-8ef3-82eea96d524d	PATCH	/users	undefined
20221005	23:06:56	9d9ea5ae-ec9c-4164-85f0-41ef59761c76	PATCH	/users	undefined
20221005	23:07:39	abbb2638-ac7e-46cc-ae7f-6f75cfaf615c	PATCH	/users	undefined
20221005	23:07:46	da923460-635d-4141-9969-b04153663e7c	PATCH	/users	undefined
20221005	23:08:24	a99e9479-a85a-4de5-9bfe-a659a23fb58b	PATCH	/users	undefined
20221005	23:08:37	b3b74130-efaf-4132-8743-3d139dccec19	PATCH	/users	undefined
20221005	23:08:53	dac8ba88-df9d-4895-8cd2-7d503197cade	PATCH	/users	undefined
20221005	23:08:55	48016571-43db-4e47-8693-b3c7958d43ef	PATCH	/users	undefined
20221005	23:08:56	ff59ba64-7541-488d-bb52-1d10a9d12e7d	PATCH	/users	undefined
20221005	23:09:20	46224439-53db-46fa-8eb5-977df8889d56	PATCH	/users	undefined
20221005	23:09:23	873cdabd-7346-4bc2-a5ce-e0d95016ceeb	PATCH	/users	undefined
20221005	23:12:22	c1d1539c-9158-4ea3-a462-672061e9c67c	GET	/users	undefined
20221005	23:12:31	4772fdc5-e2c1-4180-a884-04536e0d025d	PATCH	/users	undefined
20221005	23:12:36	476b5708-a8ba-433a-bad0-ed148e66f6b1	GET	/users	undefined
20221005	23:12:45	0d6eff21-4f7f-4d1a-b19e-bc06360393c4	PATCH	/users	undefined
20221005	23:13:20	581f6576-4e83-4851-b001-471fa0955b3d	DELETE	/users	undefined
20221005	23:14:30	8a691085-0b4e-42aa-a1df-223028dd5050	DELETE	/users	undefined
20221005	23:15:25	486b04f7-4c2a-48c4-8b26-fb215f0ae74d	DELETE	/users	undefined
20221005	23:16:29	0db04382-b77f-4690-b649-3fed2d6fd6a8	DELETE	/users	undefined
20221005	23:16:40	cd8da0ea-c846-4bba-a022-9a681ffe7004	DELETE	/users	undefined
20221005	23:17:01	73fbee6b-6178-432d-b00b-3b012ec56c92	DELETE	/users	undefined
20221005	23:21:21	08907114-701d-4e98-93b5-adf1b1169f6c	DELETE	/users	undefined
20221005	23:21:31	60a3d68c-84bf-4a2c-b2a4-5b357487b06f	DELETE	/users	undefined
20221005	23:23:22	c23cd545-f6e4-4190-bded-650dfe29b65a	DELETE	/users	undefined
20221005	23:27:12	851602fa-9a6c-439c-b77d-22da59882dca	GET	/users	undefined
20221005	23:27:30	f0816a78-c7ce-4005-95ac-23a896e7cf27	PATCH	/users	undefined
20221005	23:27:34	b01c05f5-21bc-4571-ac30-ba7d2a809298	GET	/users	undefined
20221005	23:28:12	61c61d5c-67a8-4fbc-87e4-5dbe6f5bd71d	DELETE	/users	undefined
20221005	23:28:18	5794a498-89f4-4634-b2ec-d7a9e2f911c5	DELETE	/users	undefined
20221005	23:28:38	158cd5fb-5628-4814-812c-7351363e9985	DELETE	/users	undefined
20221005	23:29:00	379509a6-6f48-4d0a-81ed-eafd9980833a	GET	/users	undefined
20221005	23:29:16	5d878c4e-b5f0-41a0-9b75-88137352de8b	PATCH	/users	undefined
20221005	23:30:04	d82077be-93fc-4377-8543-54ead9aabe56	DELETE	/users	undefined
20221007	01:03:08	2741736d-8416-4803-b58a-b89564106e3f	GET	/users	http://localhost:3000
20221007	01:04:49	10557cf9-8ebc-443c-847e-b26c83412bbf	GET	/users	undefined
20221007	01:05:00	028d2e43-102c-43fe-a88d-8bfacc72da49	GET	/users	undefined
20221007	01:05:20	382a8187-af8c-4498-af2a-f4267423ca72	POST	/users	undefined
20221007	01:07:15	7220adb1-ec6c-424d-b2a0-8182d1cabb14	POST	/users	undefined
20221007	01:08:04	c39cd37b-ffb0-477f-82e4-39699ea905df	POST	/users	undefined
20221007	01:08:32	51174a24-c13c-4da1-ae3c-bccd0dc450e0	POST	/users	undefined
20221007	01:08:35	bb2ca4c0-27fc-42bc-9650-bec100fe1395	POST	/users	undefined
20221007	01:08:42	513cf27c-3971-46c1-8107-6f805466ddb6	POST	/users	undefined
20221007	01:09:00	c441e098-5a0a-4867-a95b-18bdfb0df454	POST	/users	undefined
20221007	01:09:09	532f879d-6cd4-4257-bb39-fe290e86b2aa	GET	/users	http://localhost:3000
20221007	01:12:32	6888c122-f21d-4ac8-b15a-c1027928ac61	GET	/notes	http://localhost:3000
20221007	01:13:15	c23f1bba-96fb-45a4-9698-fcdbdac6199f	GET	/notes	undefined
20221007	01:13:34	1a6329b8-0801-4a22-8fcf-e02863ba3ed4	POST	/notes	undefined
20221007	01:16:37	7ea974d1-dcfe-448e-a648-86a6caead382	POST	/notes	undefined
20221007	01:16:50	2e38a208-6a4b-41d1-a855-ce3a88094c84	POST	/note	undefined
20221007	01:18:20	94ec49c7-c317-47f9-a244-4eca4e875e32	POST	/notes	undefined
20221007	01:18:28	073046ab-9214-412a-8441-39a29e12e209	GET	/notes	http://localhost:3000
20221007	01:22:47	446d6a56-bae2-4f7c-8670-8d29b0ee0830	PATCH	/users	undefined
20221007	01:24:32	c2c2486b-7fcb-48bf-aceb-50c13cdac4ae	PATCH	/users	undefined
20221007	01:25:02	d379b9e6-a3a2-4a92-96aa-4e8b42cd5e2b	PATCH	/users	undefined
20221007	01:25:39	35aef4ac-f2fd-46e8-834d-69bb6ee11ee4	PATCH	/users	undefined
20221007	01:25:56	0a99eb57-16fa-490d-9829-10f1129bbfbd	PATCH	/users	undefined
20221007	01:26:26	8b9dea8d-76e8-4c7c-84f2-daa6bf768295	PATCH	/users	undefined
20221007	01:27:11	7bde46f9-951a-4354-86c7-fd7180acedfe	PATCH	/users	undefined
20221007	01:27:19	820ec3b4-9917-4605-82e2-a6b27f3722fb	PATCH	/users	undefined
20221007	01:27:25	a9235385-31e2-41a9-b699-2ea8c6f192ca	GET	/notes	http://localhost:3000
20221007	01:28:39	41659365-0c60-4597-9d23-e803b951b1b7	GET	/users	http://localhost:3000
20221007	01:35:07	f0617d7f-7fe9-4aad-8b85-dd1fbee47aa4	GET	/	undefined
20221007	01:35:08	bd8ff769-acda-4928-9b1d-fbf200703c68	GET	/css/style.css	undefined
20221007	01:35:09	9b364f4c-9aad-44ff-9dfd-a6c15037a1fe	GET	/favicon.ico	undefined
20221007	01:35:16	016ab857-484c-4630-90d6-fec263efcda7	GET	/notes	undefined
20221007	01:37:20	f7e27239-7bdf-43b3-a886-76e5cf0b757a	GET	/user	undefined
20221007	01:37:20	75b611b1-6ae7-4f11-a249-ae8ef9432ac4	GET	/css/style.css	undefined
20221007	01:37:28	d046fccc-9770-4d20-843b-c870bdcd8faa	GET	/note	undefined
20221007	01:37:28	fc33c930-da17-4fa9-9cd3-d5441d418ee1	GET	/css/style.css	undefined
20221007	01:37:31	a6d92822-bb05-4f5b-901f-b8066059b028	GET	/notes	undefined
20221007	01:37:36	25c80db6-85fa-4a72-a395-defa46195f2d	GET	/users	undefined
20221007	01:37:39	82a5460f-d71f-4697-8cbd-4e484817f967	GET	/users	undefined
20221007	01:37:47	f1fda697-650e-4312-8be8-cd9722cd7af1	GET	/users	undefined
